0 info it worked if it ends with ok
1 verbose cli [ '/usr/local/bin/node',
1 verbose cli   '/usr/local/bin/npm',
1 verbose cli   'run-script',
1 verbose cli   'test' ]
2 info using npm@3.3.12
3 info using node@v5.4.0
4 verbose run-script [ 'pretest', 'test', 'posttest' ]
5 info lifecycle process-monitor@0.3.0~pretest: process-monitor@0.3.0
6 silly lifecycle process-monitor@0.3.0~pretest: no script for pretest, continuing
7 info lifecycle process-monitor@0.3.0~test: process-monitor@0.3.0
8 verbose lifecycle process-monitor@0.3.0~test: unsafe-perm in lifecycle true
9 verbose lifecycle process-monitor@0.3.0~test: PATH: /usr/local/lib/node_modules/npm/bin/node-gyp-bin:/Users/gaborpankotay/git/process-monitor/node_modules/.bin:/usr/local/bin:/usr/bin:/bin:/usr/sbin:/sbin
10 verbose lifecycle process-monitor@0.3.0~test: CWD: /Users/gaborpankotay/git/process-monitor
11 silly lifecycle process-monitor@0.3.0~test: Args: [ '-c', 'grunt travis --verbose' ]
12 silly lifecycle process-monitor@0.3.0~test: Returned: code: 3  signal: null
13 info lifecycle process-monitor@0.3.0~test: Failed to exec test script
14 verbose stack Error: process-monitor@0.3.0 test: `grunt travis --verbose`
14 verbose stack Exit status 3
14 verbose stack     at EventEmitter.<anonymous> (/usr/local/lib/node_modules/npm/lib/utils/lifecycle.js:232:16)
14 verbose stack     at emitTwo (events.js:87:13)
14 verbose stack     at EventEmitter.emit (events.js:172:7)
14 verbose stack     at ChildProcess.<anonymous> (/usr/local/lib/node_modules/npm/lib/utils/spawn.js:24:14)
14 verbose stack     at emitTwo (events.js:87:13)
14 verbose stack     at ChildProcess.emit (events.js:172:7)
14 verbose stack     at maybeClose (internal/child_process.js:821:16)
14 verbose stack     at Process.ChildProcess._handle.onexit (internal/child_process.js:211:5)
15 verbose pkgid process-monitor@0.3.0
16 verbose cwd /Users/gaborpankotay/git/process-monitor
17 error Darwin 15.2.0
18 error argv "/usr/local/bin/node" "/usr/local/bin/npm" "run-script" "test"
19 error node v5.4.0
20 error npm  v3.3.12
21 error code ELIFECYCLE
22 error process-monitor@0.3.0 test: `grunt travis --verbose`
22 error Exit status 3
23 error Failed at the process-monitor@0.3.0 test script 'grunt travis --verbose'.
23 error Make sure you have the latest version of node.js and npm installed.
23 error If you do, this is most likely a problem with the process-monitor package,
23 error not with npm itself.
23 error Tell the author that this fails on your system:
23 error     grunt travis --verbose
23 error You can get their info via:
23 error     npm owner ls process-monitor
23 error There is likely additional logging output above.
24 verbose exit [ 1, true ]
